<?xml version="1.0" encoding="UTF-8"?>
<!-- Generated by org.testng.reporters.JUnitXMLReporter -->
<testsuite hostname="DESKTOP-S73144O" ignored="5" name="Default test" tests="1" failures="0" timestamp="06 Jan 2022 13:38:21 GMT" time="0.054" errors="0">
  <testcase name="tc6" time="0.015" classname="org.parallelExecution.Employee"/>
  <testcase name="tc1" time="0.0" classname="org.parallelExecution.Employee">
    <ignored/>
  </testcase> <!-- tc1 -->
  <testcase name="tc3" time="0.0" classname="org.parallelExecution.Employee">
    <ignored/>
  </testcase> <!-- tc3 -->
  <testcase name="tc4" time="0.0" classname="org.parallelExecution.Employee">
    <ignored/>
  </testcase> <!-- tc4 -->
  <testcase name="tc2" time="0.0" classname="org.parallelExecution.Employee">
    <ignored/>
  </testcase> <!-- tc2 -->
  <testcase name="tc5" time="0.0" classname="org.parallelExecution.Employee">
    <ignored/>
  </testcase> <!-- tc5 -->
</testsuite> <!-- Default test -->
